Arguments: 
  C:\node.exe C:\Users\Admin\AppData\Roaming\npm\node_modules\yarn\bin\yarn.js

PATH: 
  C:\Users\Admin\bin;E:\Git\mingw64\bin;E:\Git\usr\local\bin;E:\Git\usr\bin;E:\Git\usr\bin;E:\Git\mingw64\bin;E:\Git\usr\bin;C:\Users\Admin\bin;C:\Windows\system32;C:\Windows;C:\Windows\System32\Wbem;C:\Windows\System32\WindowsPowerShell\v1.0;C:\Windows\System32\OpenSSH;C:\Program Files\Microsoft SQL Server\130\Tools\Binn;C:\Program Files\Microsoft SQL Server\Client SDK\ODBC\170\Tools\Binn;C:\Program Files\Microsoft SQL Server\Client SDK\ODBC\130\Tools\Binn;C:\Program Files (x86)\Microsoft SQL Server\140\Tools\Binn;C:\Program Files\Microsoft SQL Server\140\Tools\Binn;C:\Program Files\Microsoft SQL Server\140\DTS\Binn;C:\Program Files (x86)\Microsoft SQL Server\150\DTS\Binn;C:\;E:\Git\cmd;C:\Program Files\dotnet;C:\wamp64\bin\php\php7.4.9;C:\Program Files\Docker\Docker\resources\bin;C:\ProgramData\DockerDesktop\version-bin;C:\Users\Admin\AppData\Local\Microsoft\WindowsApps;C:\Users\Admin\AppData\Local\Programs\Microsoft VS Code\bin;C:\Users\Admin\AppData\Roaming\npm;C:\Users\Admin\.dotnet\tools;C:\Program Files\heroku\bin;C:\Users\Admin\AppData\Roaming\Composer\vendor\bin;E:\Git\usr\bin\vendor_perl;E:\Git\usr\bin\core_perl

Yarn version: 
  1.22.10

Node version: 
  12.18.0

Platform: 
  win32 x64

Trace: 
  Error: https://registry.yarnpkg.com/rxjs/-/rxjs-6.6.6.tgz: ESOCKETTIMEDOUT
      at ClientRequest.<anonymous> (C:\Users\Admin\AppData\Roaming\npm\node_modules\yarn\lib\cli.js:141289:19)
      at Object.onceWrapper (events.js:421:28)
      at ClientRequest.emit (events.js:315:20)
      at TLSSocket.emitRequestTimeout (_http_client.js:709:9)
      at Object.onceWrapper (events.js:421:28)
      at TLSSocket.emit (events.js:327:22)
      at TLSSocket.Socket._onTimeout (net.js:481:8)
      at listOnTimeout (internal/timers.js:549:17)
      at processTimers (internal/timers.js:492:7)

npm manifest: 
  {
    "name": "@app/frontend",
    "proxy": "http://127.0.0.1:5000",
    "version": "0.1.0",
    "private": true,
    "dependencies": {
      "@testing-library/jest-dom": "^5.11.6",
      "@testing-library/react": "^11.2.2",
      "@testing-library/user-event": "^12.6.0",
      "axios": "^0.21.0",
      "react": "^17.0.1",
      "react-dom": "^17.0.1",
      "react-redux": "^7.2.2",
      "react-router-dom": "^5.2.0",
      "react-scripts": "4.0.1",
      "redux": "^4.0.5",
      "redux-devtools-extension": "^2.13.8",
      "redux-thunk": "^2.3.0",
      "web-vitals": "^0.2.4"
    },
    "scripts": {
      "start": "react-scripts start",
      "build": "react-scripts build",
      "test": "react-scripts test",
      "eject": "react-scripts eject"
    },
    "eslintConfig": {
      "extends": [
        "react-app",
        "react-app/jest"
      ]
    },
    "browserslist": {
      "production": [
        ">0.2%",
        "not dead",
        "not op_mini all"
      ],
      "development": [
        "last 1 chrome version",
        "last 1 firefox version",
        "last 1 safari version"
      ]
    }
  }

yarn manifest: 
  No manifest

Lockfile: 
  No lockfile
